<?xml version="1.0" encoding="UTF-8"?>
<!-- Generated by org.testng.reporters.JUnitReportReporter -->
<testsuite hostname="DESKTOP-IJFRNJR" failures="0" tests="9" name="runners.CucumberRunner" time="136.519" errors="1" timestamp="2024-11-13T13:06:06 IST" skipped="0">
  <testcase classname="runners.CucumberRunner" name="runScenario" time="11.118">
    <system-out>
      <![CDATA[Browser should be Launched and URL should be navigated
user is able to click on Trains link
Trains page should be open
user clicks on Check PNR Status
The input field is visible as expected.
User enters their phone number: 8976254342
click on Check Status
it should navigate to the PNR Status Page
User enters their phone number: [[ChromeDriver: chrome on windows (47835a8717323c6c4a23a3406c07c313)] -> xpath: //p[contains(text(),'This PNR')]]]]>
    </system-out>
  </testcase> <!-- runScenario -->
  <testcase classname="runners.CucumberRunner" name="runScenario" time="6.652">
    <system-out>
      <![CDATA[Browser should be Launched and URL should be navigated
user is able to click on Trains link
Trains page should be open]]>
    </system-out>
  </testcase> <!-- runScenario -->
  <testcase classname="runners.CucumberRunner" name="runScenario" time="14.252">
    <system-out>
      <![CDATA[Browser should be Launched and URL should be navigated
user is able to click on Trains link
Trains page should be open
user clicks on Check PNR Status
The input field is visible as expected.
User enters their phone number: 8765243292
click on Check Status
it should navigate to the PNR Status Page
User enters their phone number: [[ChromeDriver: chrome on windows (9ca48f615c89864bd675b50ab194abf9)] -> xpath: //p[contains(text(),'This PNR')]]]]>
    </system-out>
  </testcase> <!-- runScenario -->
  <testcase classname="runners.CucumberRunner" name="runScenario" time="10.130">
    <system-out>
      <![CDATA[Browser should be Launched and URL should be navigated
user is able to click on Trains link
Trains page should be open
user clicks on Check PNR Status
The input field is visible as expected.
User enters their phone number: 9887655443
click on Check Status
it should navigate to the PNR Status Page
User enters their phone number: [[ChromeDriver: chrome on windows (a9b54ceeb8a9af3ebacecabed538ab54)] -> xpath: //p[contains(text(),'This PNR')]]]]>
    </system-out>
  </testcase> <!-- runScenario -->
  <testcase classname="runners.CucumberRunner" name="runScenario" time="12.707">
    <error message="element click intercepted: Element &lt;label data-cy=&quot;selectStation&quot; for=&quot;userStationCode&quot; class=&quot;latoRegular makeFlex column&quot;&gt;...&lt;/label&gt; is not clickable at point (695, 298). Other element would receive the click: &lt;li data-cy=&quot;RailTravellingStop_347&quot;&gt;...&lt;/li&gt;
  (Session info: chrome=130.0.6723.69)
Build info: version: &#039;4.16.1&#039;, revision: &#039;9b4c83354e&#039;
System info: os.name: &#039;Windows 11&#039;, os.arch: &#039;amd64&#039;, os.version: &#039;10.0&#039;, java.version: &#039;23&#039;
Driver info: org.openqa.selenium.chrome.ChromeDriver
Command: [898e1ca299c9ef98e12994fe4936f55f, clickElement {id=f.D5A4D381D9329CA256892F6DBA4E6C34.d.ABA2349534FE36DD1A3C4184761ACD83.e.7400}]
Capabilities {acceptInsecureCerts: false, browserName: chrome, browserVersion: 130.0.6723.69, chrome: {chromedriverVersion: 130.0.6723.116 (6ac35f94ae3..., userDataDir: C:\Users\DELL\AppData\Local...}, fedcm:accounts: true, goog:chromeOptions: {debuggerAddress: localhost:62882}, networkConnectionEnabled: false, pageLoadStrategy: normal, platformName: windows, proxy: Proxy(), se:cdp: ws://localhost:62882/devtoo..., se:cdpVersion: 130.0.6723.69, setWindowRect: true, strictFileInteractability: false, timeouts: {implicit: 0, pageLoad: 300000, script: 30000}, unhandledPromptBehavior: dismiss and notify, webauthn:extension:credBlob: true, webauthn:extension:largeBlob: true, webauthn:extension:minPinLength: true, webauthn:extension:prf: true, webauthn:virtualAuthenticators: true}
Element: [[ChromeDriver: chrome on windows (898e1ca299c9ef98e12994fe4936f55f)] -&gt; xpath: //label[contains(@class,&#039;lato&#039;) and @data-cy=&#039;selectStation&#039;]]
Session ID: 898e1ca299c9ef98e12994fe4936f55f" type="org.openqa.selenium.ElementClickInterceptedException">
      <![CDATA[org.openqa.selenium.ElementClickInterceptedException: element click intercepted: Element <label data-cy="selectStation" for="userStationCode" class="latoRegular makeFlex column">...</label> is not clickable at point (695, 298). Other element would receive the click: <li data-cy="RailTravellingStop_347">...</li>
  (Session info: chrome=130.0.6723.69)
Build info: version: '4.16.1', revision: '9b4c83354e'
System info: os.name: 'Windows 11', os.arch: 'amd64', os.version: '10.0', java.version: '23'
Driver info: org.openqa.selenium.chrome.ChromeDriver
Command: [898e1ca299c9ef98e12994fe4936f55f, clickElement {id=f.D5A4D381D9329CA256892F6DBA4E6C34.d.ABA2349534FE36DD1A3C4184761ACD83.e.7400}]
Capabilities {acceptInsecureCerts: false, browserName: chrome, browserVersion: 130.0.6723.69, chrome: {chromedriverVersion: 130.0.6723.116 (6ac35f94ae3..., userDataDir: C:\Users\DELL\AppData\Local...}, fedcm:accounts: true, goog:chromeOptions: {debuggerAddress: localhost:62882}, networkConnectionEnabled: false, pageLoadStrategy: normal, platformName: windows, proxy: Proxy(), se:cdp: ws://localhost:62882/devtoo..., se:cdpVersion: 130.0.6723.69, setWindowRect: true, strictFileInteractability: false, timeouts: {implicit: 0, pageLoad: 300000, script: 30000}, unhandledPromptBehavior: dismiss and notify, webauthn:extension:credBlob: true, webauthn:extension:largeBlob: true, webauthn:extension:minPinLength: true, webauthn:extension:prf: true, webauthn:virtualAuthenticators: true}
Element: [[ChromeDriver: chrome on windows (898e1ca299c9ef98e12994fe4936f55f)] -> xpath: //label[contains(@class,'lato') and @data-cy='selectStation']]
Session ID: 898e1ca299c9ef98e12994fe4936f55f
at java.base/jdk.internal.reflect.DirectConstructorHandleAccessor.newInstance(DirectConstructorHandleAccessor.java:62)
at java.base/java.lang.reflect.Constructor.newInstanceWithCaller(Constructor.java:501)
at java.base/java.lang.reflect.Constructor.newInstance(Constructor.java:485)
at org.openqa.selenium.remote.codec.w3c.W3CHttpResponseCodec.createException(W3CHttpResponseCodec.java:200)
at org.openqa.selenium.remote.codec.w3c.W3CHttpResponseCodec.decode(W3CHttpResponseCodec.java:133)
at org.openqa.selenium.remote.codec.w3c.W3CHttpResponseCodec.decode(W3CHttpResponseCodec.java:52)
at org.openqa.selenium.remote.HttpCommandExecutor.execute(HttpCommandExecutor.java:191)
at org.openqa.selenium.remote.service.DriverCommandExecutor.invokeExecute(DriverCommandExecutor.java:200)
at org.openqa.selenium.remote.service.DriverCommandExecutor.execute(DriverCommandExecutor.java:175)
at org.openqa.selenium.remote.RemoteWebDriver.execute(RemoteWebDriver.java:523)
at org.openqa.selenium.remote.RemoteWebElement.execute(RemoteWebElement.java:224)
at org.openqa.selenium.remote.RemoteWebElement.click(RemoteWebElement.java:77)
at java.base/jdk.internal.reflect.DirectMethodHandleAccessor.invoke(DirectMethodHandleAccessor.java:103)
at java.base/java.lang.reflect.Method.invoke(Method.java:580)
at org.openqa.selenium.support.pagefactory.internal.LocatingElementHandler.invoke(LocatingElementHandler.java:51)
at jdk.proxy2/jdk.proxy2.$Proxy25.click(Unknown Source)
at stepDefinition.LiveTrainStatus.user_clicks_on_your_stop_dropdown_and_select_any_stop(LiveTrainStatus.java:61)
at ✽.user clicks on Your Stop dropdown and select any Stop(file:///C:/Users/DELL/eclipse-workspace/MakeMyTrip/./src/test/resources/featureFiles/LiveTrainStatus.feature:13)
]]>
    </error>
    <system-out>
      <![CDATA[Browser should be Launched and URL should be navigated
user is able to click on Trains link
Trains page should be open
User should click on Live Train Status
User clicks on TrainNumberOrName
User enters Train Number in TrainNumberOrName dropdown and select]]>
    </system-out>
  </testcase> <!-- runScenario -->
  <testcase classname="runners.CucumberRunner" name="runScenario" time="21.120">
    <system-out>
      <![CDATA[Browser should be Launched and URL should be navigated
user is able to click on Trains link
Trains page should be open
user clicks on From dropdown
enter city name in From dropdown and select
user clicks on To dropdown
Entered city name in To dropdown and selected
user clicks on Travel Date dropdown and select any date
user clicks on Travel Date dropdown and select any date
user clicks on class dropdown and select any class
user should click on Search button
Quick Filters should be displayed
user clicks on Available checkBox
user clicks on Available trains
user should click on OK! GO AHead button and it should navigate to Train Booking Page
Select Travellers should display]]>
    </system-out>
  </testcase> <!-- runScenario -->
  <testcase classname="runners.CucumberRunner" name="runScenario" time="14.889">
    <system-out>
      <![CDATA[Browser should be Launched and URL should be navigated
user is able to click on Trains link
Trains page should be open
User clicks on View All and Filters Page is visible
user clicks on Trains Options
user clicks on Trains icon
user should be navigated to the offer page]]>
    </system-out>
  </testcase> <!-- runScenario -->
  <testcase classname="runners.CucumberRunner" name="runScenario" time="19.381">
    <system-out>
      <![CDATA[Browser should be Launched and URL should be navigated
user is able to click on Trains link
Trains page should be open
user clicks on From dropdown
enter city name in From dropdown and select
user clicks on To dropdown
Entered city name in To dropdown and selected
user clicks on Travel Date dropdown and select any date
user clicks on Travel Date dropdown and select any date
user clicks on class dropdown and select any class
user should click on Search button
Quick Filters should be displayed]]>
    </system-out>
  </testcase> <!-- runScenario -->
  <testcase classname="runners.CucumberRunner" name="runScenario" time="26.270">
    <system-out>
      <![CDATA[Browser should be Launched and URL should be navigated
user is able to click on Trains link
Trains page should be open
user clicks on From dropdown
enter city name in From dropdown and select
user clicks on To dropdown
Entered city name in To dropdown and selected
user clicks on Travel Date dropdown and select any date
user clicks on Travel Date dropdown and select any date
user clicks on class dropdown and select any class
user should click on Search button
Quick Filters should be displayed
user clicks on AC checkBox
user clicks on AC trains
user should click on OK! GO AHead button and it should navigate to Train Booking Page
Select Travellers should display]]>
    </system-out>
  </testcase> <!-- runScenario -->
  <system-out>
    <![CDATA[Browser should be Launched and URL should be navigated
user is able to click on Trains link
Trains page should be open
user clicks on From dropdown
enter city name in From dropdown and select
user clicks on To dropdown
Entered city name in To dropdown and selected
user clicks on Travel Date dropdown and select any date
user clicks on Travel Date dropdown and select any date
user clicks on class dropdown and select any class
user should click on Search button
Quick Filters should be displayed
Browser should be Launched and URL should be navigated
user is able to click on Trains link
Trains page should be open
User should click on Live Train Status
User clicks on TrainNumberOrName
User enters Train Number in TrainNumberOrName dropdown and select
Browser should be Launched and URL should be navigated
user is able to click on Trains link
Trains page should be open
user clicks on Check PNR Status
The input field is visible as expected.
User enters their phone number: 9887655443
click on Check Status
it should navigate to the PNR Status Page
User enters their phone number: [[ChromeDriver: chrome on windows (a9b54ceeb8a9af3ebacecabed538ab54)] -> xpath: //p[contains(text(),'This PNR')]]
Browser should be Launched and URL should be navigated
user is able to click on Trains link
Trains page should be open
user clicks on Check PNR Status
The input field is visible as expected.
User enters their phone number: 8976254342
click on Check Status
it should navigate to the PNR Status Page
User enters their phone number: [[ChromeDriver: chrome on windows (47835a8717323c6c4a23a3406c07c313)] -> xpath: //p[contains(text(),'This PNR')]]
Browser should be Launched and URL should be navigated
user is able to click on Trains link
Trains page should be open
user clicks on Check PNR Status
The input field is visible as expected.
User enters their phone number: 8765243292
click on Check Status
it should navigate to the PNR Status Page
User enters their phone number: [[ChromeDriver: chrome on windows (9ca48f615c89864bd675b50ab194abf9)] -> xpath: //p[contains(text(),'This PNR')]]
Browser should be Launched and URL should be navigated
user is able to click on Trains link
Trains page should be open
user clicks on From dropdown
enter city name in From dropdown and select
user clicks on To dropdown
Entered city name in To dropdown and selected
user clicks on Travel Date dropdown and select any date
user clicks on Travel Date dropdown and select any date
user clicks on class dropdown and select any class
user should click on Search button
Quick Filters should be displayed
user clicks on AC checkBox
user clicks on AC trains
user should click on OK! GO AHead button and it should navigate to Train Booking Page
Select Travellers should display
Browser should be Launched and URL should be navigated
user is able to click on Trains link
Trains page should be open
user clicks on From dropdown
enter city name in From dropdown and select
user clicks on To dropdown
Entered city name in To dropdown and selected
user clicks on Travel Date dropdown and select any date
user clicks on Travel Date dropdown and select any date
user clicks on class dropdown and select any class
user should click on Search button
Quick Filters should be displayed
user clicks on Available checkBox
user clicks on Available trains
user should click on OK! GO AHead button and it should navigate to Train Booking Page
Select Travellers should display
Browser should be Launched and URL should be navigated
user is able to click on Trains link
Trains page should be open
User clicks on View All and Filters Page is visible
user clicks on Trains Options
user clicks on Trains icon
user should be navigated to the offer page
Browser should be Launched and URL should be navigated
user is able to click on Trains link
Trains page should be open]]>
  </system-out>
</testsuite> <!-- runners.CucumberRunner -->
